2024-11-30 05:29:15,205 CRIT Supervisor is running as root.  Privileges were not dropped because no user is specified in the config file.  If you intend to run as root, you can set user=root in the config file to avoid this message.
2024-11-30 05:29:15,216 INFO supervisord started with pid 1
2024-11-30 05:29:16,223 INFO spawned: 'api_socket_server' with pid 8
2024-11-30 05:29:16,225 INFO spawned: 'opc_client' with pid 9
2024-11-30 05:29:16,228 INFO spawned: 'opcserver_socket_client' with pid 10
2024-11-30 05:29:17,110 WARN exited: opc_client (exit status 1; not expected)
2024-11-30 05:29:17,879 INFO success: api_socket_server entered RUNNING state, process has stayed up for > than 1 seconds (startsecs)
2024-11-30 05:29:17,880 INFO success: opcserver_socket_client entered RUNNING state, process has stayed up for > than 1 seconds (startsecs)
2024-11-30 05:29:18,910 INFO spawned: 'opc_client' with pid 15
2024-11-30 05:29:19,281 WARN exited: opcserver_socket_client (exit status 1; not expected)
2024-11-30 05:29:19,690 INFO spawned: 'opcserver_socket_client' with pid 20
2024-11-30 05:29:19,782 WARN exited: opc_client (exit status 1; not expected)
2024-11-30 05:29:21,140 INFO success: opcserver_socket_client entered RUNNING state, process has stayed up for > than 1 seconds (startsecs)
2024-11-30 05:29:22,219 INFO spawned: 'opc_client' with pid 22
2024-11-30 05:29:22,565 WARN exited: opcserver_socket_client (exit status 1; not expected)
2024-11-30 05:29:22,909 INFO spawned: 'opcserver_socket_client' with pid 27
2024-11-30 05:29:22,998 WARN exited: opc_client (exit status 1; not expected)
2024-11-30 05:29:24,277 INFO success: opcserver_socket_client entered RUNNING state, process has stayed up for > than 1 seconds (startsecs)
2024-11-30 05:29:25,620 WARN exited: opcserver_socket_client (exit status 1; not expected)
2024-11-30 05:29:26,624 INFO spawned: 'opc_client' with pid 30
2024-11-30 05:29:26,628 INFO spawned: 'opcserver_socket_client' with pid 31
2024-11-30 05:29:27,648 INFO success: opc_client entered RUNNING state, process has stayed up for > than 1 seconds (startsecs)
2024-11-30 05:29:27,649 INFO success: opcserver_socket_client entered RUNNING state, process has stayed up for > than 1 seconds (startsecs)
2024-11-30 05:29:27,650 WARN exited: opc_client (exit status 1; not expected)
2024-11-30 05:29:28,019 INFO spawned: 'opc_client' with pid 35
2024-11-30 05:29:29,047 INFO success: opc_client entered RUNNING state, process has stayed up for > than 1 seconds (startsecs)
2024-11-30 05:29:29,389 WARN exited: opcserver_socket_client (exit status 1; not expected)
2024-11-30 05:29:30,393 INFO spawned: 'opcserver_socket_client' with pid 40
2024-11-30 05:29:31,760 INFO success: opcserver_socket_client entered RUNNING state, process has stayed up for > than 1 seconds (startsecs)
2024-11-30 05:29:33,147 WARN exited: opcserver_socket_client (exit status 1; not expected)
2024-11-30 05:29:34,152 INFO spawned: 'opcserver_socket_client' with pid 43
2024-11-30 05:29:35,542 INFO success: opcserver_socket_client entered RUNNING state, process has stayed up for > than 1 seconds (startsecs)
2024-11-30 05:29:36,919 WARN exited: opcserver_socket_client (exit status 1; not expected)
2024-11-30 05:29:37,924 INFO spawned: 'opcserver_socket_client' with pid 46
2024-11-30 05:29:39,275 INFO success: opcserver_socket_client entered RUNNING state, process has stayed up for > than 1 seconds (startsecs)
2024-11-30 05:29:40,641 WARN exited: opcserver_socket_client (exit status 1; not expected)
2024-11-30 05:29:41,645 INFO spawned: 'opcserver_socket_client' with pid 49
2024-11-30 05:29:43,049 INFO success: opcserver_socket_client entered RUNNING state, process has stayed up for > than 1 seconds (startsecs)
2024-11-30 05:29:44,513 WARN exited: opcserver_socket_client (exit status 1; not expected)
2024-11-30 05:29:45,516 INFO spawned: 'opcserver_socket_client' with pid 52
2024-11-30 05:29:46,986 INFO success: opcserver_socket_client entered RUNNING state, process has stayed up for > than 1 seconds (startsecs)
2024-11-30 05:29:48,408 WARN exited: opcserver_socket_client (exit status 1; not expected)
2024-11-30 05:29:48,941 INFO spawned: 'opcserver_socket_client' with pid 55
2024-11-30 05:29:50,332 INFO success: opcserver_socket_client entered RUNNING state, process has stayed up for > than 1 seconds (startsecs)
2024-11-30 05:29:51,796 WARN exited: opcserver_socket_client (exit status 1; not expected)
2024-11-30 05:29:52,801 INFO spawned: 'opcserver_socket_client' with pid 58
2024-11-30 05:29:54,198 INFO success: opcserver_socket_client entered RUNNING state, process has stayed up for > than 1 seconds (startsecs)
2024-11-30 05:29:55,597 WARN exited: opcserver_socket_client (exit status 1; not expected)
2024-11-30 05:29:56,601 INFO spawned: 'opcserver_socket_client' with pid 61
2024-11-30 05:29:57,992 INFO success: opcserver_socket_client entered RUNNING state, process has stayed up for > than 1 seconds (startsecs)
2024-11-30 05:29:59,454 WARN exited: opcserver_socket_client (exit status 1; not expected)
2024-11-30 05:30:00,458 INFO spawned: 'opcserver_socket_client' with pid 64
2024-11-30 05:30:01,885 INFO success: opcserver_socket_client entered RUNNING state, process has stayed up for > than 1 seconds (startsecs)
2024-11-30 05:30:03,402 WARN exited: opcserver_socket_client (exit status 1; not expected)
2024-11-30 05:30:04,406 INFO spawned: 'opcserver_socket_client' with pid 67
2024-11-30 05:30:05,805 INFO success: opcserver_socket_client entered RUNNING state, process has stayed up for > than 1 seconds (startsecs)
2024-11-30 05:30:07,206 WARN exited: opcserver_socket_client (exit status 1; not expected)
2024-11-30 05:30:08,209 INFO spawned: 'opcserver_socket_client' with pid 70
2024-11-30 05:30:09,723 INFO success: opcserver_socket_client entered RUNNING state, process has stayed up for > than 1 seconds (startsecs)
2024-11-30 05:30:11,175 WARN exited: opcserver_socket_client (exit status 1; not expected)
2024-11-30 05:30:12,178 INFO spawned: 'opcserver_socket_client' with pid 73
2024-11-30 05:30:13,567 INFO success: opcserver_socket_client entered RUNNING state, process has stayed up for > than 1 seconds (startsecs)
2024-11-30 05:30:15,064 WARN exited: opcserver_socket_client (exit status 1; not expected)
2024-11-30 05:30:16,069 INFO spawned: 'opcserver_socket_client' with pid 76
2024-11-30 05:30:17,464 INFO success: opcserver_socket_client entered RUNNING state, process has stayed up for > than 1 seconds (startsecs)
2024-11-30 05:30:18,870 WARN exited: opcserver_socket_client (exit status 1; not expected)
2024-11-30 05:30:18,999 INFO spawned: 'opcserver_socket_client' with pid 79
2024-11-30 05:30:20,391 INFO success: opcserver_socket_client entered RUNNING state, process has stayed up for > than 1 seconds (startsecs)
2024-11-30 05:30:21,899 WARN exited: opcserver_socket_client (exit status 1; not expected)
2024-11-30 05:30:22,903 INFO spawned: 'opcserver_socket_client' with pid 82
2024-11-30 05:30:24,304 INFO success: opcserver_socket_client entered RUNNING state, process has stayed up for > than 1 seconds (startsecs)
2024-11-30 05:30:25,727 WARN exited: opcserver_socket_client (exit status 1; not expected)
2024-11-30 05:30:26,731 INFO spawned: 'opcserver_socket_client' with pid 85
2024-11-30 05:30:28,135 INFO success: opcserver_socket_client entered RUNNING state, process has stayed up for > than 1 seconds (startsecs)
2024-11-30 05:30:29,595 WARN exited: opcserver_socket_client (exit status 1; not expected)
2024-11-30 05:30:30,598 INFO spawned: 'opcserver_socket_client' with pid 88
2024-11-30 05:30:32,006 INFO success: opcserver_socket_client entered RUNNING state, process has stayed up for > than 1 seconds (startsecs)
2024-11-30 05:30:33,410 WARN exited: opcserver_socket_client (exit status 1; not expected)
2024-11-30 05:30:34,416 INFO spawned: 'opcserver_socket_client' with pid 91
2024-11-30 05:30:35,812 INFO success: opcserver_socket_client entered RUNNING state, process has stayed up for > than 1 seconds (startsecs)
2024-11-30 05:30:37,241 WARN exited: opcserver_socket_client (exit status 1; not expected)
2024-11-30 05:30:38,244 INFO spawned: 'opcserver_socket_client' with pid 94
2024-11-30 05:30:39,776 INFO success: opcserver_socket_client entered RUNNING state, process has stayed up for > than 1 seconds (startsecs)
2024-11-30 05:30:41,207 WARN exited: opcserver_socket_client (exit status 1; not expected)
2024-11-30 05:30:42,210 INFO spawned: 'opcserver_socket_client' with pid 97
2024-11-30 05:30:43,619 INFO success: opcserver_socket_client entered RUNNING state, process has stayed up for > than 1 seconds (startsecs)
2024-11-30 05:30:45,041 WARN exited: opcserver_socket_client (exit status 1; not expected)
2024-11-30 05:30:46,045 INFO spawned: 'opcserver_socket_client' with pid 100
2024-11-30 05:30:47,496 INFO success: opcserver_socket_client entered RUNNING state, process has stayed up for > than 1 seconds (startsecs)
2024-11-30 05:30:49,025 WARN exited: opcserver_socket_client (exit status 1; not expected)
2024-11-30 05:30:49,057 INFO spawned: 'opcserver_socket_client' with pid 103
2024-11-30 05:30:50,494 INFO success: opcserver_socket_client entered RUNNING state, process has stayed up for > than 1 seconds (startsecs)
2024-11-30 05:30:52,038 WARN exited: opcserver_socket_client (exit status 1; not expected)
2024-11-30 05:30:53,041 INFO spawned: 'opcserver_socket_client' with pid 106
2024-11-30 05:30:54,470 INFO success: opcserver_socket_client entered RUNNING state, process has stayed up for > than 1 seconds (startsecs)
2024-11-30 05:30:55,891 WARN exited: opcserver_socket_client (exit status 1; not expected)
2024-11-30 05:30:56,895 INFO spawned: 'opcserver_socket_client' with pid 109
2024-11-30 05:30:58,294 INFO success: opcserver_socket_client entered RUNNING state, process has stayed up for > than 1 seconds (startsecs)
2024-11-30 05:30:59,742 WARN exited: opcserver_socket_client (exit status 1; not expected)
2024-11-30 05:31:00,745 INFO spawned: 'opcserver_socket_client' with pid 112
2024-11-30 05:31:02,160 INFO success: opcserver_socket_client entered RUNNING state, process has stayed up for > than 1 seconds (startsecs)
2024-11-30 05:31:03,727 WARN exited: opcserver_socket_client (exit status 1; not expected)
2024-11-30 05:31:04,731 INFO spawned: 'opcserver_socket_client' with pid 115
2024-11-30 05:31:06,179 INFO success: opcserver_socket_client entered RUNNING state, process has stayed up for > than 1 seconds (startsecs)
2024-11-30 05:31:07,670 WARN exited: opcserver_socket_client (exit status 1; not expected)
2024-11-30 05:31:08,674 INFO spawned: 'opcserver_socket_client' with pid 118
2024-11-30 05:31:10,098 INFO success: opcserver_socket_client entered RUNNING state, process has stayed up for > than 1 seconds (startsecs)
2024-11-30 05:31:11,589 WARN exited: opcserver_socket_client (exit status 1; not expected)
2024-11-30 05:31:12,592 INFO spawned: 'opcserver_socket_client' with pid 121
2024-11-30 05:31:14,017 INFO success: opcserver_socket_client entered RUNNING state, process has stayed up for > than 1 seconds (startsecs)
2024-11-30 05:31:15,406 WARN exited: opcserver_socket_client (exit status 1; not expected)
2024-11-30 05:31:16,410 INFO spawned: 'opcserver_socket_client' with pid 124
2024-11-30 05:31:17,807 INFO success: opcserver_socket_client entered RUNNING state, process has stayed up for > than 1 seconds (startsecs)
2024-11-30 05:31:19,335 WARN exited: opcserver_socket_client (exit status 1; not expected)
2024-11-30 05:31:20,339 INFO spawned: 'opcserver_socket_client' with pid 127
2024-11-30 05:31:21,754 INFO success: opcserver_socket_client entered RUNNING state, process has stayed up for > than 1 seconds (startsecs)
2024-11-30 05:31:23,116 WARN exited: opcserver_socket_client (exit status 1; not expected)
2024-11-30 05:31:24,120 INFO spawned: 'opcserver_socket_client' with pid 130
2024-11-30 05:31:25,512 INFO success: opcserver_socket_client entered RUNNING state, process has stayed up for > than 1 seconds (startsecs)
2024-11-30 05:31:26,877 WARN exited: opcserver_socket_client (exit status 1; not expected)
2024-11-30 05:31:27,881 INFO spawned: 'opcserver_socket_client' with pid 133
2024-11-30 05:31:29,134 INFO success: opcserver_socket_client entered RUNNING state, process has stayed up for > than 1 seconds (startsecs)
2024-11-30 05:31:30,713 WARN exited: opcserver_socket_client (exit status 1; not expected)
2024-11-30 05:31:31,717 INFO spawned: 'opcserver_socket_client' with pid 136
2024-11-30 05:31:33,108 INFO success: opcserver_socket_client entered RUNNING state, process has stayed up for > than 1 seconds (startsecs)
2024-11-30 05:31:34,532 WARN exited: opcserver_socket_client (exit status 1; not expected)
2024-11-30 05:31:35,537 INFO spawned: 'opcserver_socket_client' with pid 139
2024-11-30 05:31:36,933 INFO success: opcserver_socket_client entered RUNNING state, process has stayed up for > than 1 seconds (startsecs)
2024-11-30 05:31:38,309 WARN exited: opcserver_socket_client (exit status 1; not expected)
2024-11-30 05:31:39,151 INFO spawned: 'opcserver_socket_client' with pid 142
2024-11-30 05:31:40,512 INFO success: opcserver_socket_client entered RUNNING state, process has stayed up for > than 1 seconds (startsecs)
2024-11-30 05:31:41,862 WARN exited: opcserver_socket_client (exit status 1; not expected)
2024-11-30 05:31:42,866 INFO spawned: 'opcserver_socket_client' with pid 145
2024-11-30 05:31:44,239 INFO success: opcserver_socket_client entered RUNNING state, process has stayed up for > than 1 seconds (startsecs)
2024-11-30 05:31:45,618 WARN exited: opcserver_socket_client (exit status 1; not expected)
2024-11-30 05:31:46,622 INFO spawned: 'opcserver_socket_client' with pid 148
2024-11-30 05:31:47,984 INFO success: opcserver_socket_client entered RUNNING state, process has stayed up for > than 1 seconds (startsecs)
2024-11-30 05:31:49,330 WARN exited: opcserver_socket_client (exit status 1; not expected)
2024-11-30 05:31:50,334 INFO spawned: 'opcserver_socket_client' with pid 151
2024-11-30 05:31:51,732 INFO success: opcserver_socket_client entered RUNNING state, process has stayed up for > than 1 seconds (startsecs)
2024-11-30 05:31:53,128 WARN exited: opcserver_socket_client (exit status 1; not expected)
2024-11-30 05:31:54,132 INFO spawned: 'opcserver_socket_client' with pid 154
2024-11-30 05:31:55,511 INFO success: opcserver_socket_client entered RUNNING state, process has stayed up for > than 1 seconds (startsecs)
2024-11-30 05:31:56,866 WARN exited: opcserver_socket_client (exit status 1; not expected)
2024-11-30 05:31:57,871 INFO spawned: 'opcserver_socket_client' with pid 157
2024-11-30 05:31:59,181 INFO success: opcserver_socket_client entered RUNNING state, process has stayed up for > than 1 seconds (startsecs)
2024-11-30 05:32:00,605 WARN exited: opcserver_socket_client (exit status 1; not expected)
2024-11-30 05:32:01,609 INFO spawned: 'opcserver_socket_client' with pid 160
2024-11-30 05:32:02,981 INFO success: opcserver_socket_client entered RUNNING state, process has stayed up for > than 1 seconds (startsecs)
2024-11-30 05:32:04,342 WARN exited: opcserver_socket_client (exit status 1; not expected)
2024-11-30 05:32:05,347 INFO spawned: 'opcserver_socket_client' with pid 163
2024-11-30 05:32:06,751 INFO success: opcserver_socket_client entered RUNNING state, process has stayed up for > than 1 seconds (startsecs)
2024-11-30 05:32:08,196 WARN exited: opcserver_socket_client (exit status 1; not expected)
2024-11-30 05:32:09,200 INFO spawned: 'opcserver_socket_client' with pid 166
2024-11-30 05:32:10,572 INFO success: opcserver_socket_client entered RUNNING state, process has stayed up for > than 1 seconds (startsecs)
2024-11-30 05:32:11,916 WARN exited: opcserver_socket_client (exit status 1; not expected)
2024-11-30 05:32:12,920 INFO spawned: 'opcserver_socket_client' with pid 169
2024-11-30 05:32:14,310 INFO success: opcserver_socket_client entered RUNNING state, process has stayed up for > than 1 seconds (startsecs)
2024-11-30 05:32:15,677 WARN exited: opcserver_socket_client (exit status 1; not expected)
2024-11-30 05:32:16,682 INFO spawned: 'opcserver_socket_client' with pid 172
2024-11-30 05:32:18,063 INFO success: opcserver_socket_client entered RUNNING state, process has stayed up for > than 1 seconds (startsecs)
2024-11-30 05:32:19,419 WARN exited: opcserver_socket_client (exit status 1; not expected)
2024-11-30 05:32:20,423 INFO spawned: 'opcserver_socket_client' with pid 175
2024-11-30 05:32:21,824 INFO success: opcserver_socket_client entered RUNNING state, process has stayed up for > than 1 seconds (startsecs)
2024-11-30 05:32:23,203 WARN exited: opcserver_socket_client (exit status 1; not expected)
2024-11-30 05:32:24,206 INFO spawned: 'opcserver_socket_client' with pid 178
2024-11-30 05:32:25,574 INFO success: opcserver_socket_client entered RUNNING state, process has stayed up for > than 1 seconds (startsecs)
2024-11-30 05:32:26,985 WARN exited: opcserver_socket_client (exit status 1; not expected)
2024-11-30 05:32:27,989 INFO spawned: 'opcserver_socket_client' with pid 181
2024-11-30 05:32:29,236 INFO success: opcserver_socket_client entered RUNNING state, process has stayed up for > than 1 seconds (startsecs)
2024-11-30 05:32:30,840 WARN exited: opcserver_socket_client (exit status 1; not expected)
2024-11-30 05:32:31,844 INFO spawned: 'opcserver_socket_client' with pid 184
2024-11-30 05:32:33,253 INFO success: opcserver_socket_client entered RUNNING state, process has stayed up for > than 1 seconds (startsecs)
2024-11-30 05:32:34,651 WARN exited: opcserver_socket_client (exit status 1; not expected)
2024-11-30 05:32:35,654 INFO spawned: 'opcserver_socket_client' with pid 187
2024-11-30 05:32:37,090 INFO success: opcserver_socket_client entered RUNNING state, process has stayed up for > than 1 seconds (startsecs)
2024-11-30 05:32:38,499 WARN exited: opcserver_socket_client (exit status 1; not expected)
2024-11-30 05:32:39,258 INFO spawned: 'opcserver_socket_client' with pid 190
2024-11-30 05:32:40,668 INFO success: opcserver_socket_client entered RUNNING state, process has stayed up for > than 1 seconds (startsecs)
2024-11-30 05:32:42,013 WARN exited: opcserver_socket_client (exit status 1; not expected)
2024-11-30 05:32:43,019 INFO spawned: 'opcserver_socket_client' with pid 193
2024-11-30 05:32:44,404 INFO success: opcserver_socket_client entered RUNNING state, process has stayed up for > than 1 seconds (startsecs)
2024-11-30 05:32:45,793 WARN exited: opcserver_socket_client (exit status 1; not expected)
2024-11-30 05:32:46,797 INFO spawned: 'opcserver_socket_client' with pid 196
2024-11-30 05:32:48,195 INFO success: opcserver_socket_client entered RUNNING state, process has stayed up for > than 1 seconds (startsecs)
2024-11-30 05:32:49,552 WARN exited: opcserver_socket_client (exit status 1; not expected)
2024-11-30 05:32:50,556 INFO spawned: 'opcserver_socket_client' with pid 199
2024-11-30 05:32:51,933 INFO success: opcserver_socket_client entered RUNNING state, process has stayed up for > than 1 seconds (startsecs)
2024-11-30 05:32:53,293 WARN exited: opcserver_socket_client (exit status 1; not expected)
2024-11-30 05:32:54,297 INFO spawned: 'opcserver_socket_client' with pid 202
2024-11-30 05:32:55,665 INFO success: opcserver_socket_client entered RUNNING state, process has stayed up for > than 1 seconds (startsecs)
2024-11-30 05:32:57,045 WARN exited: opcserver_socket_client (exit status 1; not expected)
2024-11-30 05:32:58,050 INFO spawned: 'opcserver_socket_client' with pid 205
2024-11-30 05:32:59,288 INFO success: opcserver_socket_client entered RUNNING state, process has stayed up for > than 1 seconds (startsecs)
2024-11-30 05:33:00,912 WARN exited: opcserver_socket_client (exit status 1; not expected)
2024-11-30 05:33:01,915 INFO spawned: 'opcserver_socket_client' with pid 208
2024-11-30 05:33:03,327 INFO success: opcserver_socket_client entered RUNNING state, process has stayed up for > than 1 seconds (startsecs)
2024-11-30 05:33:04,870 WARN exited: opcserver_socket_client (exit status 1; not expected)
2024-11-30 05:33:05,875 INFO spawned: 'opcserver_socket_client' with pid 211
2024-11-30 05:33:07,331 INFO success: opcserver_socket_client entered RUNNING state, process has stayed up for > than 1 seconds (startsecs)
2024-11-30 05:33:08,806 WARN exited: opcserver_socket_client (exit status 1; not expected)
2024-11-30 05:33:09,308 INFO spawned: 'opcserver_socket_client' with pid 214
2024-11-30 05:33:10,728 INFO success: opcserver_socket_client entered RUNNING state, process has stayed up for > than 1 seconds (startsecs)
2024-11-30 05:33:12,161 WARN exited: opcserver_socket_client (exit status 1; not expected)
2024-11-30 05:33:13,163 INFO spawned: 'opcserver_socket_client' with pid 217
2024-11-30 05:33:14,630 INFO success: opcserver_socket_client entered RUNNING state, process has stayed up for > than 1 seconds (startsecs)
2024-11-30 05:33:16,102 WARN exited: opcserver_socket_client (exit status 1; not expected)
2024-11-30 05:33:17,105 INFO spawned: 'opcserver_socket_client' with pid 220
2024-11-30 05:33:18,539 INFO success: opcserver_socket_client entered RUNNING state, process has stayed up for > than 1 seconds (startsecs)
2024-11-30 05:33:20,175 WARN exited: opcserver_socket_client (exit status 1; not expected)
2024-11-30 05:33:21,180 INFO spawned: 'opcserver_socket_client' with pid 223
2024-11-30 05:33:22,606 INFO success: opcserver_socket_client entered RUNNING state, process has stayed up for > than 1 seconds (startsecs)
2024-11-30 05:33:24,075 WARN exited: opcserver_socket_client (exit status 1; not expected)
2024-11-30 05:33:25,077 INFO spawned: 'opcserver_socket_client' with pid 226
2024-11-30 05:33:26,487 INFO success: opcserver_socket_client entered RUNNING state, process has stayed up for > than 1 seconds (startsecs)
2024-11-30 05:33:27,939 WARN exited: opcserver_socket_client (exit status 1; not expected)
2024-11-30 05:33:28,943 INFO spawned: 'opcserver_socket_client' with pid 229
2024-11-30 05:33:30,376 INFO success: opcserver_socket_client entered RUNNING state, process has stayed up for > than 1 seconds (startsecs)
2024-11-30 05:33:31,738 WARN exited: opcserver_socket_client (exit status 1; not expected)
2024-11-30 05:33:32,742 INFO spawned: 'opcserver_socket_client' with pid 232
2024-11-30 05:33:34,146 INFO success: opcserver_socket_client entered RUNNING state, process has stayed up for > than 1 seconds (startsecs)
2024-11-30 05:33:35,526 WARN exited: opcserver_socket_client (exit status 1; not expected)
2024-11-30 05:33:36,529 INFO spawned: 'opcserver_socket_client' with pid 235
2024-11-30 05:33:38,098 INFO success: opcserver_socket_client entered RUNNING state, process has stayed up for > than 1 seconds (startsecs)
2024-11-30 05:33:39,578 WARN exited: opcserver_socket_client (exit status 1; not expected)
2024-11-30 05:33:40,584 INFO spawned: 'opcserver_socket_client' with pid 238
2024-11-30 05:33:42,009 INFO success: opcserver_socket_client entered RUNNING state, process has stayed up for > than 1 seconds (startsecs)
2024-11-30 05:33:43,423 WARN exited: opcserver_socket_client (exit status 1; not expected)
2024-11-30 05:33:44,427 INFO spawned: 'opcserver_socket_client' with pid 241
2024-11-30 05:33:45,856 INFO success: opcserver_socket_client entered RUNNING state, process has stayed up for > than 1 seconds (startsecs)
2024-11-30 05:33:47,351 WARN exited: opcserver_socket_client (exit status 1; not expected)
2024-11-30 05:33:48,355 INFO spawned: 'opcserver_socket_client' with pid 244
2024-11-30 05:33:49,374 INFO success: opcserver_socket_client entered RUNNING state, process has stayed up for > than 1 seconds (startsecs)
2024-11-30 05:33:51,259 WARN exited: opcserver_socket_client (exit status 1; not expected)
2024-11-30 05:33:52,263 INFO spawned: 'opcserver_socket_client' with pid 247
2024-11-30 05:33:53,682 INFO success: opcserver_socket_client entered RUNNING state, process has stayed up for > than 1 seconds (startsecs)
2024-11-30 05:33:55,080 WARN exited: opcserver_socket_client (exit status 1; not expected)
2024-11-30 05:33:56,084 INFO spawned: 'opcserver_socket_client' with pid 250
2024-11-30 05:33:57,485 INFO success: opcserver_socket_client entered RUNNING state, process has stayed up for > than 1 seconds (startsecs)
2024-11-30 05:33:58,870 WARN exited: opcserver_socket_client (exit status 1; not expected)
2024-11-30 05:33:59,392 INFO spawned: 'opcserver_socket_client' with pid 253
2024-11-30 05:34:00,821 INFO success: opcserver_socket_client entered RUNNING state, process has stayed up for > than 1 seconds (startsecs)
2024-11-30 05:34:02,338 WARN exited: opcserver_socket_client (exit status 1; not expected)
2024-11-30 05:34:03,342 INFO spawned: 'opcserver_socket_client' with pid 256
2024-11-30 05:34:04,759 INFO success: opcserver_socket_client entered RUNNING state, process has stayed up for > than 1 seconds (startsecs)
2024-11-30 05:34:06,328 WARN exited: opcserver_socket_client (exit status 1; not expected)
2024-11-30 05:34:07,333 INFO spawned: 'opcserver_socket_client' with pid 259
2024-11-30 05:34:08,765 INFO success: opcserver_socket_client entered RUNNING state, process has stayed up for > than 1 seconds (startsecs)
2024-11-30 05:34:10,280 WARN exited: opcserver_socket_client (exit status 1; not expected)
2024-11-30 05:34:11,284 INFO spawned: 'opcserver_socket_client' with pid 262
2024-11-30 05:34:12,852 INFO success: opcserver_socket_client entered RUNNING state, process has stayed up for > than 1 seconds (startsecs)
2024-11-30 05:34:14,364 WARN exited: opcserver_socket_client (exit status 1; not expected)
2024-11-30 05:34:15,367 INFO spawned: 'opcserver_socket_client' with pid 265
2024-11-30 05:34:16,862 INFO success: opcserver_socket_client entered RUNNING state, process has stayed up for > than 1 seconds (startsecs)
2024-11-30 05:34:18,437 WARN exited: opcserver_socket_client (exit status 1; not expected)
2024-11-30 05:34:19,429 INFO spawned: 'opcserver_socket_client' with pid 268
2024-11-30 05:34:20,878 INFO success: opcserver_socket_client entered RUNNING state, process has stayed up for > than 1 seconds (startsecs)
2024-11-30 05:34:22,430 WARN exited: opcserver_socket_client (exit status 1; not expected)
2024-11-30 05:34:23,433 INFO spawned: 'opcserver_socket_client' with pid 271
2024-11-30 05:34:24,850 INFO success: opcserver_socket_client entered RUNNING state, process has stayed up for > than 1 seconds (startsecs)
2024-11-30 05:34:26,298 WARN exited: opcserver_socket_client (exit status 1; not expected)
2024-11-30 05:34:27,303 INFO spawned: 'opcserver_socket_client' with pid 274
2024-11-30 05:34:27,717 WARN received SIGTERM indicating exit request
2024-11-30 05:34:27,717 INFO waiting for api_socket_server, opc_client, opcserver_socket_client to die
2024-11-30 05:34:27,720 WARN stopped: opcserver_socket_client (terminated by SIGTERM)
2024-11-30 05:34:27,725 WARN stopped: opc_client (terminated by SIGTERM)
2024-11-30 05:34:30,731 INFO waiting for api_socket_server to die
2024-11-30 05:34:33,735 INFO waiting for api_socket_server to die
2024-11-30 05:34:36,740 INFO waiting for api_socket_server to die
2024-11-30 06:22:55,784 INFO Set uid to user 0 succeeded
2024-11-30 06:22:55,799 INFO supervisord started with pid 1
2024-11-30 06:22:56,801 INFO spawned: 'api_socket_server' with pid 7
2024-11-30 06:22:56,804 INFO spawned: 'opc_client' with pid 8
2024-11-30 06:22:56,809 INFO spawned: 'opcserver_socket_client' with pid 9
2024-11-30 06:22:58,055 INFO success: api_socket_server entered RUNNING state, process has stayed up for > than 1 seconds (startsecs)
2024-11-30 06:22:58,055 INFO success: opc_client entered RUNNING state, process has stayed up for > than 1 seconds (startsecs)
2024-11-30 06:22:58,056 INFO success: opcserver_socket_client entered RUNNING state, process has stayed up for > than 1 seconds (startsecs)
2024-11-30 06:22:58,148 WARN exited: opc_client (exit status 1; not expected)
2024-11-30 06:22:58,979 INFO spawned: 'opc_client' with pid 14
2024-11-30 06:23:00,057 INFO success: opc_client entered RUNNING state, process has stayed up for > than 1 seconds (startsecs)
2024-11-30 06:34:27,553 WARN received SIGTERM indicating exit request
2024-11-30 06:34:27,554 INFO waiting for api_socket_server, opc_client, opcserver_socket_client to die
2024-11-30 06:34:27,560 WARN stopped: opcserver_socket_client (terminated by SIGTERM)
2024-11-30 06:34:27,565 WARN stopped: opc_client (terminated by SIGTERM)
2024-11-30 06:34:30,570 INFO waiting for api_socket_server to die
2024-11-30 06:34:33,575 INFO waiting for api_socket_server to die
2024-11-30 06:34:36,579 INFO waiting for api_socket_server to die
2024-11-30 06:35:10,171 INFO Set uid to user 0 succeeded
2024-11-30 06:35:10,188 INFO supervisord started with pid 1
2024-11-30 06:35:11,195 INFO spawned: 'api_socket_server' with pid 8
2024-11-30 06:35:11,199 INFO spawned: 'opc_client' with pid 9
2024-11-30 06:35:11,202 INFO spawned: 'opcserver_socket_client' with pid 10
2024-11-30 06:35:12,213 INFO success: api_socket_server entered RUNNING state, process has stayed up for > than 1 seconds (startsecs)
2024-11-30 06:35:12,213 INFO success: opc_client entered RUNNING state, process has stayed up for > than 1 seconds (startsecs)
2024-11-30 06:35:12,214 INFO success: opcserver_socket_client entered RUNNING state, process has stayed up for > than 1 seconds (startsecs)
2024-11-30 06:35:12,215 WARN exited: opc_client (exit status 1; not expected)
2024-11-30 06:35:12,982 INFO spawned: 'opc_client' with pid 15
2024-11-30 06:35:14,707 INFO success: opc_client entered RUNNING state, process has stayed up for > than 1 seconds (startsecs)
2024-11-30 06:42:46,018 WARN received SIGTERM indicating exit request
2024-11-30 06:42:46,019 INFO waiting for api_socket_server, opc_client, opcserver_socket_client to die
2024-11-30 06:42:46,025 WARN stopped: opcserver_socket_client (terminated by SIGTERM)
2024-11-30 06:42:46,029 WARN stopped: opc_client (terminated by SIGTERM)
2024-11-30 06:42:49,033 INFO waiting for api_socket_server to die
2024-11-30 06:42:52,038 INFO waiting for api_socket_server to die
2024-11-30 06:42:55,042 INFO waiting for api_socket_server to die
2024-11-30 06:44:34,715 INFO Set uid to user 0 succeeded
2024-11-30 06:44:34,729 INFO supervisord started with pid 1
2024-11-30 06:44:35,733 INFO spawned: 'api_socket_server' with pid 7
2024-11-30 06:44:35,735 INFO spawned: 'opc_client' with pid 8
2024-11-30 06:44:35,737 INFO spawned: 'opcserver_socket_client' with pid 9
2024-11-30 06:44:36,634 WARN exited: opc_client (exit status 1; not expected)
2024-11-30 06:44:37,306 INFO success: api_socket_server entered RUNNING state, process has stayed up for > than 1 seconds (startsecs)
2024-11-30 06:44:37,306 INFO success: opcserver_socket_client entered RUNNING state, process has stayed up for > than 1 seconds (startsecs)
2024-11-30 06:44:38,343 INFO spawned: 'opc_client' with pid 15
2024-11-30 06:44:40,009 INFO success: opc_client entered RUNNING state, process has stayed up for > than 1 seconds (startsecs)
2024-11-30 06:54:48,969 WARN received SIGTERM indicating exit request
2024-11-30 06:54:48,970 INFO waiting for api_socket_server, opc_client, opcserver_socket_client to die
2024-11-30 06:54:48,977 WARN stopped: opcserver_socket_client (terminated by SIGTERM)
2024-11-30 06:54:48,981 WARN stopped: opc_client (terminated by SIGTERM)
2024-11-30 06:54:51,986 INFO waiting for api_socket_server to die
2024-11-30 06:54:54,991 INFO waiting for api_socket_server to die
2024-11-30 06:54:57,995 INFO waiting for api_socket_server to die
2024-11-30 07:12:48,149 INFO Set uid to user 0 succeeded
2024-11-30 07:12:48,164 INFO supervisord started with pid 1
2024-11-30 07:12:49,167 INFO spawned: 'api_socket_server' with pid 7
2024-11-30 07:12:49,199 INFO spawned: 'opc_client' with pid 8
2024-11-30 07:12:49,216 INFO spawned: 'opcserver_socket_client' with pid 9
2024-11-30 07:12:50,231 INFO success: api_socket_server entered RUNNING state, process has stayed up for > than 1 seconds (startsecs)
2024-11-30 07:12:50,232 INFO success: opc_client entered RUNNING state, process has stayed up for > than 1 seconds (startsecs)
2024-11-30 07:12:50,233 INFO success: opcserver_socket_client entered RUNNING state, process has stayed up for > than 1 seconds (startsecs)
2024-11-30 07:12:51,113 WARN exited: opc_client (exit status 1; not expected)
2024-11-30 07:12:52,118 INFO spawned: 'opc_client' with pid 14
2024-11-30 07:12:53,237 INFO success: opc_client entered RUNNING state, process has stayed up for > than 1 seconds (startsecs)
2024-11-30 07:14:38,542 WARN received SIGTERM indicating exit request
2024-11-30 07:14:38,543 INFO waiting for api_socket_server, opc_client, opcserver_socket_client to die
2024-11-30 07:14:38,551 WARN stopped: opcserver_socket_client (terminated by SIGTERM)
2024-11-30 07:14:38,555 WARN stopped: opc_client (terminated by SIGTERM)
2024-11-30 07:14:41,559 INFO waiting for api_socket_server to die
2024-11-30 07:14:44,565 INFO waiting for api_socket_server to die
2024-11-30 07:14:47,570 INFO waiting for api_socket_server to die
2024-11-30 07:15:34,116 INFO Set uid to user 0 succeeded
2024-11-30 07:15:34,131 INFO supervisord started with pid 1
2024-11-30 07:15:35,136 INFO spawned: 'api_socket_server' with pid 7
2024-11-30 07:15:35,140 INFO spawned: 'opc_client' with pid 8
2024-11-30 07:15:35,142 INFO spawned: 'opcserver_socket_client' with pid 9
2024-11-30 07:15:35,981 WARN exited: opc_client (exit status 1; not expected)
2024-11-30 07:15:36,669 INFO success: api_socket_server entered RUNNING state, process has stayed up for > than 1 seconds (startsecs)
2024-11-30 07:15:36,670 INFO success: opcserver_socket_client entered RUNNING state, process has stayed up for > than 1 seconds (startsecs)
2024-11-30 07:15:37,706 INFO spawned: 'opc_client' with pid 15
2024-11-30 07:15:39,391 INFO success: opc_client entered RUNNING state, process has stayed up for > than 1 seconds (startsecs)
2024-11-30 07:19:48,137 WARN received SIGTERM indicating exit request
2024-11-30 07:19:48,139 INFO waiting for api_socket_server, opc_client, opcserver_socket_client to die
2024-11-30 07:19:48,147 WARN stopped: opcserver_socket_client (terminated by SIGTERM)
2024-11-30 07:19:48,151 WARN stopped: opc_client (terminated by SIGTERM)
2024-11-30 07:19:51,155 INFO waiting for api_socket_server to die
2024-11-30 07:19:54,160 INFO waiting for api_socket_server to die
2024-11-30 07:19:57,166 INFO waiting for api_socket_server to die
2024-11-30 07:20:32,693 INFO Set uid to user 0 succeeded
2024-11-30 07:20:32,707 INFO supervisord started with pid 1
2024-11-30 07:20:33,710 INFO spawned: 'api_socket_server' with pid 7
2024-11-30 07:20:33,714 INFO spawned: 'opc_client' with pid 8
2024-11-30 07:20:33,719 INFO spawned: 'opcserver_socket_client' with pid 9
2024-11-30 07:20:34,822 INFO success: api_socket_server entered RUNNING state, process has stayed up for > than 1 seconds (startsecs)
2024-11-30 07:20:34,823 INFO success: opc_client entered RUNNING state, process has stayed up for > than 1 seconds (startsecs)
2024-11-30 07:20:34,823 INFO success: opcserver_socket_client entered RUNNING state, process has stayed up for > than 1 seconds (startsecs)
2024-11-30 07:20:34,905 WARN exited: opc_client (exit status 1; not expected)
2024-11-30 07:20:35,795 INFO spawned: 'opc_client' with pid 14
2024-11-30 07:20:36,861 INFO success: opc_client entered RUNNING state, process has stayed up for > than 1 seconds (startsecs)
2024-11-30 07:23:04,964 WARN received SIGTERM indicating exit request
2024-11-30 07:23:04,967 INFO waiting for api_socket_server, opc_client, opcserver_socket_client to die
2024-11-30 07:23:04,973 WARN stopped: opcserver_socket_client (terminated by SIGTERM)
2024-11-30 07:23:04,977 WARN stopped: opc_client (terminated by SIGTERM)
2024-11-30 07:23:07,982 INFO waiting for api_socket_server to die
2024-11-30 07:23:10,987 INFO waiting for api_socket_server to die
2024-11-30 07:23:13,991 INFO waiting for api_socket_server to die
2024-11-30 07:23:48,047 INFO Set uid to user 0 succeeded
2024-11-30 07:23:48,062 INFO supervisord started with pid 1
2024-11-30 07:23:49,067 INFO spawned: 'api_socket_server' with pid 7
2024-11-30 07:23:49,070 INFO spawned: 'opc_client' with pid 8
2024-11-30 07:23:49,074 INFO spawned: 'opcserver_socket_client' with pid 9
2024-11-30 07:23:50,070 INFO success: api_socket_server entered RUNNING state, process has stayed up for > than 1 seconds (startsecs)
2024-11-30 07:23:50,073 INFO success: opc_client entered RUNNING state, process has stayed up for > than 1 seconds (startsecs)
2024-11-30 07:23:50,073 INFO success: opcserver_socket_client entered RUNNING state, process has stayed up for > than 1 seconds (startsecs)
2024-11-30 07:23:50,074 WARN exited: opc_client (exit status 1; not expected)
2024-11-30 07:23:50,944 INFO spawned: 'opc_client' with pid 15
2024-11-30 07:23:51,981 INFO success: opc_client entered RUNNING state, process has stayed up for > than 1 seconds (startsecs)
2024-11-30 07:31:49,160 WARN received SIGTERM indicating exit request
2024-11-30 07:31:49,167 INFO waiting for api_socket_server, opc_client, opcserver_socket_client to die
2024-11-30 07:31:49,173 WARN stopped: opcserver_socket_client (terminated by SIGTERM)
2024-11-30 07:31:49,177 WARN stopped: opc_client (terminated by SIGTERM)
2024-11-30 07:31:52,181 INFO waiting for api_socket_server to die
2024-11-30 07:31:55,186 INFO waiting for api_socket_server to die
2024-11-30 07:31:58,191 INFO waiting for api_socket_server to die
2024-11-30 07:32:25,294 INFO Set uid to user 0 succeeded
2024-11-30 07:32:25,307 INFO supervisord started with pid 1
2024-11-30 07:32:26,313 INFO spawned: 'api_socket_server' with pid 7
2024-11-30 07:32:26,317 INFO spawned: 'opc_client' with pid 8
2024-11-30 07:32:26,319 INFO spawned: 'opcserver_socket_client' with pid 9
2024-11-30 07:32:27,183 WARN exited: opc_client (exit status 1; not expected)
2024-11-30 07:32:27,962 INFO success: api_socket_server entered RUNNING state, process has stayed up for > than 1 seconds (startsecs)
2024-11-30 07:32:27,963 INFO success: opcserver_socket_client entered RUNNING state, process has stayed up for > than 1 seconds (startsecs)
2024-11-30 07:32:29,014 INFO spawned: 'opc_client' with pid 15
2024-11-30 07:32:30,674 INFO success: opc_client entered RUNNING state, process has stayed up for > than 1 seconds (startsecs)
2024-11-30 07:35:38,153 WARN received SIGTERM indicating exit request
2024-11-30 07:35:38,154 INFO waiting for api_socket_server, opc_client, opcserver_socket_client to die
2024-11-30 07:35:38,159 WARN stopped: opcserver_socket_client (terminated by SIGTERM)
2024-11-30 07:35:38,164 WARN stopped: opc_client (terminated by SIGTERM)
2024-11-30 07:35:41,168 INFO waiting for api_socket_server to die
2024-11-30 07:35:44,172 INFO waiting for api_socket_server to die
2024-11-30 07:35:47,177 INFO waiting for api_socket_server to die
2024-11-30 07:37:07,489 INFO Set uid to user 0 succeeded
2024-11-30 07:37:07,502 INFO supervisord started with pid 1
2024-11-30 07:37:08,505 INFO spawned: 'api_socket_server' with pid 7
2024-11-30 07:37:08,508 INFO spawned: 'opc_client' with pid 8
2024-11-30 07:37:08,510 INFO spawned: 'opcserver_socket_client' with pid 9
2024-11-30 07:37:09,466 WARN exited: opc_client (exit status 1; not expected)
2024-11-30 07:37:10,292 INFO success: api_socket_server entered RUNNING state, process has stayed up for > than 1 seconds (startsecs)
2024-11-30 07:37:10,293 INFO success: opcserver_socket_client entered RUNNING state, process has stayed up for > than 1 seconds (startsecs)
2024-11-30 07:37:11,329 INFO spawned: 'opc_client' with pid 15
2024-11-30 07:37:13,040 INFO success: opc_client entered RUNNING state, process has stayed up for > than 1 seconds (startsecs)
2024-11-30 07:39:47,507 WARN received SIGTERM indicating exit request
2024-11-30 07:39:47,509 INFO waiting for api_socket_server, opc_client, opcserver_socket_client to die
2024-11-30 07:39:47,513 WARN stopped: opcserver_socket_client (terminated by SIGTERM)
2024-11-30 07:39:47,516 WARN stopped: opc_client (terminated by SIGTERM)
2024-11-30 07:39:50,520 INFO waiting for api_socket_server to die
2024-11-30 07:39:53,525 INFO waiting for api_socket_server to die
2024-11-30 07:39:56,530 INFO waiting for api_socket_server to die
2024-11-30 07:40:26,716 INFO Set uid to user 0 succeeded
2024-11-30 07:40:26,730 INFO supervisord started with pid 1
2024-11-30 07:40:27,733 INFO spawned: 'api_socket_server' with pid 8
2024-11-30 07:40:27,736 INFO spawned: 'opc_client' with pid 9
2024-11-30 07:40:27,739 INFO spawned: 'opcserver_socket_client' with pid 10
2024-11-30 07:40:28,642 WARN exited: opc_client (exit status 1; not expected)
2024-11-30 07:40:29,439 INFO success: api_socket_server entered RUNNING state, process has stayed up for > than 1 seconds (startsecs)
2024-11-30 07:40:29,440 INFO success: opcserver_socket_client entered RUNNING state, process has stayed up for > than 1 seconds (startsecs)
2024-11-30 07:40:30,471 INFO spawned: 'opc_client' with pid 16
2024-11-30 07:40:32,195 INFO success: opc_client entered RUNNING state, process has stayed up for > than 1 seconds (startsecs)
2024-11-30 07:43:06,656 WARN received SIGTERM indicating exit request
2024-11-30 07:43:06,657 INFO waiting for api_socket_server, opc_client, opcserver_socket_client to die
2024-11-30 07:43:06,662 WARN stopped: opcserver_socket_client (terminated by SIGTERM)
2024-11-30 07:43:06,665 WARN stopped: opc_client (terminated by SIGTERM)
2024-11-30 07:43:09,670 INFO waiting for api_socket_server to die
2024-11-30 07:43:12,675 INFO waiting for api_socket_server to die
2024-11-30 07:43:15,679 INFO waiting for api_socket_server to die
2024-11-30 07:43:57,135 INFO Set uid to user 0 succeeded
2024-11-30 07:43:57,147 INFO supervisord started with pid 1
2024-11-30 07:43:58,151 INFO spawned: 'api_socket_server' with pid 7
2024-11-30 07:43:58,153 INFO spawned: 'opc_client' with pid 8
2024-11-30 07:43:58,156 INFO spawned: 'opcserver_socket_client' with pid 9
2024-11-30 07:43:59,105 WARN exited: opc_client (exit status 1; not expected)
2024-11-30 07:43:59,930 INFO success: api_socket_server entered RUNNING state, process has stayed up for > than 1 seconds (startsecs)
2024-11-30 07:43:59,930 INFO success: opcserver_socket_client entered RUNNING state, process has stayed up for > than 1 seconds (startsecs)
2024-11-30 07:44:00,963 INFO spawned: 'opc_client' with pid 15
2024-11-30 07:44:02,642 INFO success: opc_client entered RUNNING state, process has stayed up for > than 1 seconds (startsecs)
2024-11-30 07:50:19,794 WARN received SIGTERM indicating exit request
2024-11-30 07:50:19,795 INFO waiting for api_socket_server, opc_client, opcserver_socket_client to die
2024-11-30 07:50:19,801 WARN stopped: opcserver_socket_client (terminated by SIGTERM)
2024-11-30 07:50:19,804 WARN stopped: opc_client (terminated by SIGTERM)
2024-11-30 07:50:22,809 INFO waiting for api_socket_server to die
2024-11-30 07:50:25,814 INFO waiting for api_socket_server to die
2024-11-30 07:50:28,819 INFO waiting for api_socket_server to die
2024-11-30 07:54:17,499 INFO Set uid to user 0 succeeded
2024-11-30 07:54:17,513 INFO supervisord started with pid 1
2024-11-30 07:54:18,516 INFO spawned: 'api_socket_server' with pid 8
2024-11-30 07:54:18,518 INFO spawned: 'opc_client' with pid 9
2024-11-30 07:54:18,521 INFO spawned: 'opcserver_socket_client' with pid 10
2024-11-30 07:54:19,424 WARN exited: opc_client (exit status 1; not expected)
2024-11-30 07:54:20,293 INFO success: api_socket_server entered RUNNING state, process has stayed up for > than 1 seconds (startsecs)
2024-11-30 07:54:20,293 INFO success: opcserver_socket_client entered RUNNING state, process has stayed up for > than 1 seconds (startsecs)
2024-11-30 07:54:21,331 INFO spawned: 'opc_client' with pid 16
2024-11-30 07:54:23,039 INFO success: opc_client entered RUNNING state, process has stayed up for > than 1 seconds (startsecs)
2024-11-30 07:57:19,564 WARN received SIGTERM indicating exit request
2024-11-30 07:57:19,566 INFO waiting for api_socket_server, opc_client, opcserver_socket_client to die
2024-11-30 07:57:19,571 WARN stopped: opcserver_socket_client (terminated by SIGTERM)
2024-11-30 07:57:19,574 WARN stopped: opc_client (terminated by SIGTERM)
2024-11-30 07:57:22,580 INFO waiting for api_socket_server to die
2024-11-30 07:57:25,585 INFO waiting for api_socket_server to die
2024-11-30 07:57:28,590 INFO waiting for api_socket_server to die
2024-11-30 07:58:11,803 INFO Set uid to user 0 succeeded
2024-11-30 07:58:11,820 INFO supervisord started with pid 1
2024-11-30 07:58:12,825 INFO spawned: 'api_socket_server' with pid 7
2024-11-30 07:58:12,829 INFO spawned: 'opc_client' with pid 8
2024-11-30 07:58:12,833 INFO spawned: 'opcserver_socket_client' with pid 9
2024-11-30 07:58:13,673 WARN exited: opc_client (exit status 1; not expected)
2024-11-30 07:58:14,427 INFO success: api_socket_server entered RUNNING state, process has stayed up for > than 1 seconds (startsecs)
2024-11-30 07:58:14,428 INFO success: opcserver_socket_client entered RUNNING state, process has stayed up for > than 1 seconds (startsecs)
2024-11-30 07:58:15,464 INFO spawned: 'opc_client' with pid 15
2024-11-30 07:58:17,130 INFO success: opc_client entered RUNNING state, process has stayed up for > than 1 seconds (startsecs)
2024-11-30 08:00:38,594 WARN received SIGTERM indicating exit request
2024-11-30 08:00:38,595 INFO waiting for api_socket_server, opc_client, opcserver_socket_client to die
2024-11-30 08:00:38,600 WARN stopped: opcserver_socket_client (terminated by SIGTERM)
2024-11-30 08:00:38,603 WARN stopped: opc_client (terminated by SIGTERM)
2024-11-30 08:00:41,608 INFO waiting for api_socket_server to die
2024-11-30 08:00:44,612 INFO waiting for api_socket_server to die
2024-11-30 08:00:47,617 INFO waiting for api_socket_server to die
2024-11-30 08:02:37,677 INFO Set uid to user 0 succeeded
2024-11-30 08:02:37,692 INFO supervisord started with pid 1
2024-11-30 08:02:38,696 INFO spawned: 'api_socket_server' with pid 7
2024-11-30 08:02:38,699 INFO spawned: 'opc_client' with pid 8
2024-11-30 08:02:38,703 INFO spawned: 'opcserver_socket_client' with pid 9
2024-11-30 08:02:39,635 WARN exited: opc_client (exit status 1; not expected)
2024-11-30 08:02:40,519 INFO success: api_socket_server entered RUNNING state, process has stayed up for > than 1 seconds (startsecs)
2024-11-30 08:02:40,520 INFO success: opcserver_socket_client entered RUNNING state, process has stayed up for > than 1 seconds (startsecs)
2024-11-30 08:02:41,558 INFO spawned: 'opc_client' with pid 15
2024-11-30 08:02:43,242 INFO success: opc_client entered RUNNING state, process has stayed up for > than 1 seconds (startsecs)
2024-11-30 08:07:19,074 WARN received SIGTERM indicating exit request
2024-11-30 08:07:19,076 INFO waiting for api_socket_server, opc_client, opcserver_socket_client to die
2024-11-30 08:07:19,081 WARN stopped: opcserver_socket_client (terminated by SIGTERM)
2024-11-30 08:07:19,085 WARN stopped: opc_client (terminated by SIGTERM)
2024-11-30 08:07:22,090 INFO waiting for api_socket_server to die
2024-11-30 08:07:25,094 INFO waiting for api_socket_server to die
2024-11-30 08:07:28,099 INFO waiting for api_socket_server to die
2024-11-30 08:55:51,170 INFO Set uid to user 0 succeeded
2024-11-30 08:55:51,184 INFO supervisord started with pid 1
2024-11-30 08:55:52,186 INFO spawned: 'api_socket_server' with pid 7
2024-11-30 08:55:52,189 INFO spawned: 'opc_client' with pid 8
2024-11-30 08:55:52,191 INFO spawned: 'opcserver_socket_client' with pid 9
2024-11-30 08:55:53,208 INFO success: api_socket_server entered RUNNING state, process has stayed up for > than 1 seconds (startsecs)
2024-11-30 08:55:53,209 INFO success: opc_client entered RUNNING state, process has stayed up for > than 1 seconds (startsecs)
2024-11-30 08:55:53,209 INFO success: opcserver_socket_client entered RUNNING state, process has stayed up for > than 1 seconds (startsecs)
2024-11-30 08:55:53,210 WARN exited: opc_client (exit status 1; not expected)
2024-11-30 08:55:53,911 INFO spawned: 'opc_client' with pid 14
2024-11-30 08:55:55,574 INFO success: opc_client entered RUNNING state, process has stayed up for > than 1 seconds (startsecs)
2024-11-30 10:23:06,491 WARN received SIGTERM indicating exit request
2024-11-30 10:23:06,498 INFO waiting for api_socket_server, opc_client, opcserver_socket_client to die
2024-11-30 10:23:06,507 WARN stopped: opcserver_socket_client (terminated by SIGTERM)
2024-11-30 10:23:06,515 WARN stopped: opc_client (terminated by SIGTERM)
2024-11-30 10:23:09,519 INFO waiting for api_socket_server to die
2024-11-30 10:23:12,524 INFO waiting for api_socket_server to die
2024-11-30 10:23:15,528 INFO waiting for api_socket_server to die
